Removed Pin From Net: NetName=ROUT+ Pin=Jack-2
Removed Pin From Net: NetName=LOUT+ Pin=Jack-3
Removed Pin From Net: NetName=NetHUB_10 Pin=R1-1
Removed Pin From Net: NetName=NetHUB_11 Pin=R2-1
Removed Pin From Net: NetName=VCC3_3 Pin=R15-1
Removed Pin From Net: NetName=VCC3_3 Pin=R23-1
Removed Pin From Net: NetName=DRV Pin=R24-2
Removed Pin From Net: NetName=DRV Pin=R25-2
Removed Pin From Net: NetName=NetL1_2 Pin=TSP-4
Removed Pin From Net: NetName=GND Pin=TSP-6
Removed Pin From Net: NetName=GND Pin=TSP-7
Removed Pin From Net: NetName=NetA-J2_1 Pin=TSP-15
Removed Pin From Net: NetName=NetA-J2_1 Pin=TSP-16
Removed Pin From Net: NetName=GND Pin=TSP-17
Removed Pin From Net: NetName=NetC2_2 Pin=X4-1
Removed Pin From Net: NetName=NetC3_2 Pin=X4-3
Removed Member From Class: ClassName=Sheet2 Member=12MHZ
Removed Member From Class: ClassName=Sheet2 Member=R15
Removed Member From Class: ClassName=Sheet2 Member=R23
Added Component: Designator=5V(TERMBLOCK_1X2-3.5MM)
Added Component: Designator=A1(DMG-BTN)
Added Component: Designator=BD(BD48K35G)
Added Component: Designator=C5(1206)
Added Component: Designator=C25(CAPR5-4X5)
Added Component: Designator=C26(0805)
Added Component: Designator=P2(MHDR1X4)
Added Component: Designator=USB_1(USBPADS)
Added Component: Designator=X4(Resonador3.2x2.5)
Added Component: Designator=Z1(DMG-BTN -XY)
Added Pin To Net: NetName=GND Pin=5V-1
Added Pin To Net: NetName=NetA-J2_1 Pin=5V-2
Added Pin To Net: NetName=GND Pin=A1-1
Added Pin To Net: NetName=VLIPO Pin=BD-1
Added Pin To Net: NetName=GND Pin=BD-2
Added Pin To Net: NetName=NetR12_2 Pin=BD-3
Added Pin To Net: NetName=NetC5_1 Pin=C5-1
Added Pin To Net: NetName=Net1AMP_2 Pin=C5-2
Added Pin To Net: NetName=GND Pin=C15-2
Added Pin To Net: NetName=NetA-J2_1 Pin=C25-1
Added Pin To Net: NetName=GND Pin=C25-2
Added Pin To Net: NetName=GND Pin=C26-1
Added Pin To Net: NetName=VCC1_8 Pin=HUB-28
Added Pin To Net: NetName=+5V Pin=P2-3
Added Pin To Net: NetName=GND Pin=P2-4
Added Pin To Net: NetName=NetHUB_15 Pin=R1-1
Added Pin To Net: NetName=NetHUB_16 Pin=R2-1
Added Pin To Net: NetName=Net2_2 Pin=R24-2
Added Pin To Net: NetName=Net1_2 Pin=R25-2
Added Pin To Net: NetName=NetC5_1 Pin=USB_1-1
Added Pin To Net: NetName=NetHUB_10 Pin=USB_1-2
Added Pin To Net: NetName=NetHUB_11 Pin=USB_1-3
Added Pin To Net: NetName=GND Pin=USB_1-4
Added Pin To Net: NetName=GND Pin=USB_1-5
Added Pin To Net: NetName=NetC2_2 Pin=X4-1
Added Pin To Net: NetName=GND Pin=X4-2
Added Pin To Net: NetName=NetC3_2 Pin=X4-3
Added Pin To Net: NetName=GND Pin=X4-4
Added Pin To Net: NetName=GND Pin=Z1-1
Change Net Name : Old Net Name=NetA-J2_1 New Net Name=Net5V_2
Change Net Name : Old Net Name=NetR12_2 New Net Name=NetBD_3
Change Net Name : Old Net Name=Z New Net Name=Net1AMP_1
Added Pin To Net: NetName=A4 Pin=IC1-40
Added Net: Name=A4
Added Pin To Net: NetName=A5 Pin=IC1-41
Added Net: Name=A5
Added Pin To Net: NetName=D0/RX Pin=IC1-20
Added Net: Name=D0/RX
Added Pin To Net: NetName=D1/TX Pin=IC1-21
Added Net: Name=D1/TX
Added Pin To Net: NetName=NetC14_1 Pin=C14-1
Added Pin To Net: NetName=NetC14_1 Pin=HUB-2
Added Pin To Net: NetName=NetC14_1 Pin=X4-3
Added Net: Name=NetC14_1
Added Pin To Net: NetName=NetC20_2 Pin=C20-2
Added Pin To Net: NetName=NetC20_2 Pin=HUB-3
Added Pin To Net: NetName=NetC20_2 Pin=X4-1
Added Net: Name=NetC20_2
Added Pin To Net: NetName=NetC26_2 Pin=C26-2
Added Pin To Net: NetName=NetC26_2 Pin=IC1-6
Added Net: Name=NetC26_2
Added Pin To Net: NetName=RXLED Pin=IC1-8
Added Net: Name=RXLED
Added Pin To Net: NetName=TXLED Pin=IC1-22
Added Net: Name=TXLED
Added Pin To Net: NetName=Z Pin=IC1-37
Added Pin To Net: NetName=Z Pin=Z1-2
Added Net: Name=Z
Added Member To Class: ClassName=Powerbost Member=Component 5V TERMBLOCK_1X2
Added Member To Class: ClassName=Sheet1 Member=Component A1 SW-PB
Added Member To Class: ClassName=Powerbost Member=Component BD BD48k35G
Added Member To Class: ClassName=Sheet2 Member=Component C5 Cap
Added Member To Class: ClassName=Powerbost Member=Component C25 Cap2
Added Member To Class: ClassName=Sheet1 Member=Component C26 Cap
Added Member To Class: ClassName=Sheet1 Member=Component P2 Joyistick
Added Member To Class: ClassName=Sheet2 Member=Component USB_1 USB_4pin
Added Member To Class: ClassName=Sheet2 Member=Component X4 SMD-CRYSTAL-16MHZ-9PF-Resonador
Added Member To Class: ClassName=Sheet1 Member=Component Z1 SW-PB
Added Room: Name=Powerbost
Added Room: Name=Sheet1
Added Room: Name=Sheet2
Added Room: Name=Sheet3
