Removed Pin From Net: NetName=GND Pin=C15-1
Removed Pin From Net: NetName=NetC2_2 Pin=X4-1
Removed Pin From Net: NetName=GND Pin=X4-2
Removed Pin From Net: NetName=NetC3_2 Pin=X4-3
Removed Pin From Net: NetName=GND Pin=X4-4
Added Component: Designator=5V(TERMBLOCK_1X2-3.5MM)
Added Component: Designator=C5(1206)
Added Component: Designator=P2(MHDR1X4)
Added Component: Designator=USB_1(USBPADS)
Added Component: Designator=X4(Resonador3.2x2.5)
Added Component: Designator=Z1(DMG-BTN -XY)
Added Pin To Net: NetName=GND Pin=5V-1
Added Pin To Net: NetName=Net5V_2 Pin=5V-2
Added Pin To Net: NetName=NetC5_1 Pin=C5-1
Added Pin To Net: NetName=Net1AMP_2 Pin=C5-2
Added Pin To Net: NetName=GND Pin=C15-2
Added Pin To Net: NetName=+5V Pin=P2-3
Added Pin To Net: NetName=GND Pin=P2-4
Added Pin To Net: NetName=NetC5_1 Pin=USB_1-1
Added Pin To Net: NetName=NetHUB_10 Pin=USB_1-2
Added Pin To Net: NetName=NetHUB_11 Pin=USB_1-3
Added Pin To Net: NetName=GND Pin=USB_1-4
Added Pin To Net: NetName=GND Pin=USB_1-5
Added Pin To Net: NetName=NetC2_2 Pin=X4-1
Added Pin To Net: NetName=NetC20_2 Pin=X4-1
Added Pin To Net: NetName=GND Pin=X4-2
Added Pin To Net: NetName=NetC3_2 Pin=X4-3
Added Pin To Net: NetName=NetC14_1 Pin=X4-3
Added Pin To Net: NetName=GND Pin=X4-4
Added Pin To Net: NetName=GND Pin=Z1-1
Added Member To Class: ClassName=PowerBoost_kel Member=Component 5V TERMBLOCK_1X2
Added Member To Class: ClassName=Sheet2 Member=Component C5 Cap
Added Member To Class: ClassName=Sheet1 Member=Component P2 Joyistick
Added Member To Class: ClassName=Sheet2 Member=Component USB_1 USB_4pin
Added Member To Class: ClassName=Sheet1 Member=Component Z1 SW-PB
Added Room: Name=PowerBoost_kel
Added Room: Name=Sheet1
Added Room: Name=Sheet2
Added Room: Name=Sheet3
