Change Physical Footprint: Designator=1 Old Footprint=0805 New Footprint=0805
Change Physical Footprint: Designator=1AMP Old Footprint=0603 New Footprint=0603
Change Physical Footprint: Designator=2 Old Footprint=0805 New Footprint=0805
Change Physical Footprint: Designator=3 Old Footprint=0805 New Footprint=0805
Change Physical Footprint: Designator=4 Old Footprint=0805 New Footprint=0805
Change Physical Footprint: Designator=5 Old Footprint=0805 New Footprint=0805
Change Physical Footprint: Designator=A1 Old Footprint=DMG-BTN New Footprint=DMG-BTN
Change Physical Footprint: Designator=B2 Old Footprint=DMG-BTN New Footprint=DMG-BTN
Change Physical Footprint: Designator=BOOT Old Footprint=EVQ-Q2 New Footprint=EVQ-Q2
Change Physical Footprint: Designator=Bost-At Old Footprint=JUMPER New Footprint=JUMPER
Change Physical Footprint: Designator=ButtonL1 Old Footprint=1X02_OVAL New Footprint=1X02_OVAL
Change Physical Footprint: Designator=ButtonR1 Old Footprint=1X02_OVAL New Footprint=1X02_OVAL
Change Physical Footprint: Designator=C1 Old Footprint=RES-1206in New Footprint=RES-1206in
Change Physical Footprint: Designator=C2 Old Footprint=1608[0603] New Footprint=1608[0603]
Change Physical Footprint: Designator=C3 Old Footprint=1608[0603] New Footprint=1608[0603]
Change Physical Footprint: Designator=C4 Old Footprint=1608[0603] New Footprint=1608[0603]
Change Physical Footprint: Designator=C6 Old Footprint=1608[0603] New Footprint=1608[0603]
Change Physical Footprint: Designator=C7 Old Footprint=1608[0603] New Footprint=1608[0603]
Change Physical Footprint: Designator=C8 Old Footprint=1608[0603] New Footprint=1608[0603]
Change Physical Footprint: Designator=C9 Old Footprint=1608[0603] New Footprint=1608[0603]
Change Physical Footprint: Designator=C10 Old Footprint=RES-1206in New Footprint=RES-1206in
Change Physical Footprint: Designator=C11 Old Footprint=RES-1206in New Footprint=RES-1206in
Change Physical Footprint: Designator=C12 Old Footprint=RES-0805 New Footprint=RES-0805
Change Physical Footprint: Designator=C13 Old Footprint=RES-1206in New Footprint=RES-1206in
Change Physical Footprint: Designator=C14 Old Footprint=0603 New Footprint=0603
Change Physical Footprint: Designator=C15 Old Footprint=0603 New Footprint=0603
Change Physical Footprint: Designator=C16 Old Footprint=1206 New Footprint=1206
Change Physical Footprint: Designator=C17 Old Footprint=0603 New Footprint=0603
Change Physical Footprint: Designator=C18 Old Footprint=1206 New Footprint=1206
Change Physical Footprint: Designator=C19 Old Footprint=1206 New Footprint=1206
Change Physical Footprint: Designator=C20 Old Footprint=0603 New Footprint=0603
Change Physical Footprint: Designator=C21 Old Footprint=1206 New Footprint=1206
Change Physical Footprint: Designator=C22 Old Footprint=1206 New Footprint=1206
Change Physical Footprint: Designator=C23 Old Footprint=0603 New Footprint=0603
Change Physical Footprint: Designator=C24 Old Footprint=1206 New Footprint=1206
Change Physical Footprint: Designator=C25 Old Footprint=0805 New Footprint=0805
Change Physical Footprint: Designator=C26 Old Footprint=0805 New Footprint=0805
Change Physical Footprint: Designator=C27 Old Footprint=0805 New Footprint=0805
Change Physical Footprint: Designator=C28 Old Footprint=0805 New Footprint=0805
Change Physical Footprint: Designator=C29 Old Footprint=0805 New Footprint=0805
Change Physical Footprint: Designator=C30 Old Footprint=0805 New Footprint=0805
Change Physical Footprint: Designator=C31 Old Footprint=0805 New Footprint=0805
Change Physical Footprint: Designator=C32 Old Footprint=0805 New Footprint=0805
Change Physical Footprint: Designator=C33 Old Footprint=0805 New Footprint=0805
Change Physical Footprint: Designator=C34 Old Footprint=0805 New Footprint=0805
Change Physical Footprint: Designator=CHRG/LBO Old Footprint=RES-0805 New Footprint=RES-0805
Change Physical Footprint: Designator=DONE Old Footprint=RES-0805 New Footprint=RES-0805
Change Physical Footprint: Designator=DOWN1 Old Footprint=DMG-BTN New Footprint=DMG-BTN
Change Physical Footprint: Designator=HUB Old Footprint=fe1.1s New Footprint=fe1.1s
Change Physical Footprint: Designator=IC1 Old Footprint=TQFP44 New Footprint=TQFP44
Change Physical Footprint: Designator=ISP6 Old Footprint=1X06_OVAL New Footprint=1X06_OVAL
Change Physical Footprint: Designator=JC Old Footprint=jack3.5 New Footprint=jack3.5
Change Physical Footprint: Designator=L Old Footprint=CHIPLED_0805 New Footprint=CHIPLED_0805
Change Physical Footprint: Designator=L1 Old Footprint=INDUCTOR_5X5MM_TDK_VLC5045 New Footprint=INDUCTOR_5X5MM_TDK_VLC5045
Change Physical Footprint: Designator=L2 Old Footprint=RES-1206in New Footprint=RES-1206in
Change Physical Footprint: Designator=LED1 Old Footprint=RES-0805 New Footprint=RES-0805
Change Physical Footprint: Designator=LED2 Old Footprint=RES-0805 New Footprint=RES-0805
Change Physical Footprint: Designator=LEFT1 Old Footprint=DMG-BTN New Footprint=DMG-BTN
Change Physical Footprint: Designator=LIPO Old Footprint=HDR1X2 New Footprint=HDR1X2
Change Physical Footprint: Designator=PAM Old Footprint=pam8403 Sop16 New Footprint=pam8403 Sop16
Change Physical Footprint: Designator=PWR Old Footprint=CHIPLED_0805 New Footprint=CHIPLED_0805
Change Physical Footprint: Designator=R1 Old Footprint=0603 New Footprint=0603
Change Physical Footprint: Designator=R2 Old Footprint=0603 New Footprint=0603
Change Physical Footprint: Designator=R3 Old Footprint=RES-1206in New Footprint=RES-1206in
Change Physical Footprint: Designator=R4 Old Footprint=RES-1206in New Footprint=RES-1206in
Change Physical Footprint: Designator=R5 Old Footprint=RES-1206in New Footprint=RES-1206in
Change Physical Footprint: Designator=R6 Old Footprint=RES-1206in New Footprint=RES-1206in
Change Physical Footprint: Designator=R7 Old Footprint=RES-1206in New Footprint=RES-1206in
Change Physical Footprint: Designator=R8 Old Footprint=RES-1206in New Footprint=RES-1206in
Change Physical Footprint: Designator=R9 Old Footprint=RES-1206in New Footprint=RES-1206in
Change Physical Footprint: Designator=R10 Old Footprint=RES-1206in New Footprint=RES-1206in
Change Physical Footprint: Designator=R11 Old Footprint=RES-1206in New Footprint=RES-1206in
Change Physical Footprint: Designator=R12 Old Footprint=RES-1206in New Footprint=RES-1206in
Change Physical Footprint: Designator=R13 Old Footprint=1206 New Footprint=1206
Change Physical Footprint: Designator=R14 Old Footprint=1206 New Footprint=1206
Change Physical Footprint: Designator=R15 Old Footprint=0805 New Footprint=0805
Change Physical Footprint: Designator=R16 Old Footprint=1206 New Footprint=1206
Change Physical Footprint: Designator=R17 Old Footprint=RES-1206in New Footprint=RES-1206in
Change Physical Footprint: Designator=R18 Old Footprint=RES-1206in New Footprint=RES-1206in
Change Physical Footprint: Designator=R19 Old Footprint=RES-1206in New Footprint=RES-1206in
Change Physical Footprint: Designator=R20 Old Footprint=RES-1206in New Footprint=RES-1206in
Change Physical Footprint: Designator=R21 Old Footprint=RES-1206in New Footprint=RES-1206in
Change Physical Footprint: Designator=R22 Old Footprint=RES-1206in New Footprint=RES-1206in
Change Physical Footprint: Designator=R23 Old Footprint=0805 New Footprint=0805
Change Physical Footprint: Designator=R24 Old Footprint=1206 New Footprint=1206
Change Physical Footprint: Designator=R25 Old Footprint=1206 New Footprint=1206
Change Physical Footprint: Designator=R26 Old Footprint=1206 New Footprint=1206
Change Physical Footprint: Designator=RIGHT1 Old Footprint=DMG-BTN New Footprint=DMG-BTN
Change Physical Footprint: Designator=S1 Old Footprint=Switch New Footprint=Switch
Change Physical Footprint: Designator=S-D1 Old Footprint=D1n4148 New Footprint=D1n4148
Change Physical Footprint: Designator=S-Q1 Old Footprint=SOT-23 TO236 New Footprint=SOT-23 TO236
Change Physical Footprint: Designator=S-R1 Old Footprint=1206 New Footprint=1206
Change Physical Footprint: Designator=S-R2 Old Footprint=1206 New Footprint=1206
Change Physical Footprint: Designator=SELECT1 Old Footprint=DMG-SEL New Footprint=DMG-SEL
Change Physical Footprint: Designator=SJ1 Old Footprint=JUMPER New Footprint=JUMPER
Change Physical Footprint: Designator=SJ2 Old Footprint=JUMPER New Footprint=JUMPER
Change Physical Footprint: Designator=SJ3 Old Footprint=JUMPER New Footprint=JUMPER
Change Physical Footprint: Designator=START1 Old Footprint=DMG-ST New Footprint=DMG-ST
Change Physical Footprint: Designator=T1 Old Footprint=MMUN2133LT1G New Footprint=MMUN2133LT1G
Change Physical Footprint: Designator=THR Old Footprint=Res-0603 New Footprint=Res-0603
Change Physical Footprint: Designator=TSP Old Footprint=QFN65P400X400X100-17N New Footprint=QFN65P400X400X100-17N
Change Physical Footprint: Designator=U2 Old Footprint=QFN50P400X400X100-21N New Footprint=QFN50P400X400X100-21N
Change Physical Footprint: Designator=UP1 Old Footprint=DMG-BTN New Footprint=DMG-BTN
Change Physical Footprint: Designator=USB 5V Old Footprint=HDR1X2 New Footprint=HDR1X2
Change Physical Footprint: Designator=USB_2 Old Footprint=USBPADS New Footprint=USBPADS
Change Physical Footprint: Designator=USB_3 Old Footprint=USBPADS New Footprint=USBPADS
Change Physical Footprint: Designator=USB_4 Old Footprint=USBPADS New Footprint=USBPADS
Change Physical Footprint: Designator=USB_RPI Old Footprint=USBPADS New Footprint=USBPADS
Change Physical Footprint: Designator=X2 Old Footprint=DMG-BTN -XY New Footprint=DMG-BTN -XY
Change Physical Footprint: Designator=X4 Old Footprint=Resonador3.2x2.5 New Footprint=Resonador3.2x2.5
Change Physical Footprint: Designator=X5 Old Footprint=Res12MHZ-smd New Footprint=Res12MHZ-smd
Change Physical Footprint: Designator=Y1 Old Footprint=DMG-BTN -XY New Footprint=DMG-BTN -XY
