Removed Pin From Net: NetName=5VPOWERBOOST Pin=P1-1
Change Component Designator: OldDesignator=L1 NewDesignator=L2
Added Component: Designator=B1(JSTPH2)
Added Component: Designator=C8(RES-1206in)
Added Component: Designator=C9(1608[0603])
Added Component: Designator=C10(RES-1206in)
Added Component: Designator=C11(RES-1206in)
Added Component: Designator=CHRG/LBO(RES-0805)
Added Component: Designator=DONE(RES-0805)
Added Component: Designator=L1(INDUCTOR_5X5MM_TDK_VLC5045)
Added Component: Designator=LED1(RES-0805)
Added Component: Designator=LED2(RES-0805)
Added Component: Designator=Power1Entrada(HDR1X2)
Added Component: Designator=R6(RES-1206in)
Added Component: Designator=R7(RES-1206in)
Added Component: Designator=R8(RES-1206in)
Added Component: Designator=R9(RES-1206in)
Added Component: Designator=R10(RES-1206in)
Added Component: Designator=R11(RES-1206in)
Added Component: Designator=R12(RES-1206in)
Added Component: Designator=R17(RES-1206in)
Added Component: Designator=R18(RES-1206in)
Added Component: Designator=R19(RES-1206in)
Added Component: Designator=R20(RES-1206in)
Added Component: Designator=R21(RES-1206in)
Added Component: Designator=R22(RES-1206in)
Added Component: Designator=SJ3(JUMPER)
Added Component: Designator=THERM(RES-0805)
Added Component: Designator=U1(QFN65P400X400X100-17N)
Added Component: Designator=U2(QFN50P400X400X100-21N)
Added Component: Designator=X1(TERMBLOCK_1X2-3.5MM)
Added Pin To Net: NetName=GND Pin=B1-1
Added Pin To Net: NetName=5VPOWERBOOST Pin=C6-1
Added Pin To Net: NetName=GND Pin=C6-2
Added Pin To Net: NetName=GND Pin=C8-2
Added Pin To Net: NetName=GND Pin=C9-2
Added Pin To Net: NetName=GND Pin=C10-2
Added Pin To Net: NetName=GND Pin=C11-2
Added Pin To Net: NetName=GND Pin=Power1Entrada-2
Added Pin To Net: NetName=GND Pin=R7-1
Added Pin To Net: NetName=5VPOWERBOOST Pin=R8-2
Added Pin To Net: NetName=GND Pin=R9-1
Added Pin To Net: NetName=5VPOWERBOOST Pin=R11-1
Added Pin To Net: NetName=GND Pin=R20-2
Added Pin To Net: NetName=GND Pin=R21-1
Added Pin To Net: NetName=GND Pin=R22-1
Added Pin To Net: NetName=5VPOWERBOOST Pin=SJ3-1
Added Pin To Net: NetName=GND Pin=THERM-1
Added Pin To Net: NetName=GND Pin=U1-10
Added Pin To Net: NetName=GND Pin=U1-13
Added Pin To Net: NetName=GND Pin=X1-1
Added Pin To Net: NetName=5VPOWERBOOST Pin=X1-2
Added Pin To Net: NetName=LBO Pin=U1-12
Added Net: Name=LBO
Added Pin To Net: NetName=NetCHRG/LBO_C Pin=R17-2
Added Net: Name=NetCHRG/LBO_C
Added Pin To Net: NetName=NetDONE_C Pin=R18-2
Added Net: Name=NetDONE_C
Added Pin To Net: NetName=NetL1_P$2 Pin=L1-P$2
Added Net: Name=NetL1_P$2
Added Pin To Net: NetName=NetLED1_A Pin=R10-1
Added Net: Name=NetLED1_A
Added Pin To Net: NetName=NetLED2_A Pin=R11-2
Added Net: Name=NetLED2_A
Added Pin To Net: NetName=NetP1_1 Pin=P1-1
Added Pin To Net: NetName=NetP1_1 Pin=SJ3-2
Added Net: Name=NetP1_1
Added Pin To Net: NetName=NetR6_1 Pin=R6-1
Added Pin To Net: NetName=NetR6_1 Pin=R7-2
Added Pin To Net: NetName=NetR6_1 Pin=U1-9
Added Net: Name=NetR6_1
Added Pin To Net: NetName=NetR8_1 Pin=R8-1
Added Pin To Net: NetName=NetR8_1 Pin=R9-2
Added Pin To Net: NetName=NetR8_1 Pin=U1-14
Added Net: Name=NetR8_1
Added Pin To Net: NetName=NetR10_2 Pin=R10-2
Added Net: Name=NetR10_2
Added Pin To Net: NetName=NetR12_2 Pin=R12-2
Added Pin To Net: NetName=NetR12_2 Pin=U1-11
Added Net: Name=NetR12_2
Added Pin To Net: NetName=NetR17_1 Pin=R17-1
Added Net: Name=NetR17_1
Added Pin To Net: NetName=NetR18_1 Pin=R18-1
Added Net: Name=NetR18_1
Added Pin To Net: NetName=NetR19_1 Pin=R19-1
Added Pin To Net: NetName=NetR19_1 Pin=R20-1
Added Net: Name=NetR19_1
Added Pin To Net: NetName=NetR21_2 Pin=R21-2
Added Net: Name=NetR21_2
Added Pin To Net: NetName=NetR22_2 Pin=R22-2
Added Net: Name=NetR22_2
Added Pin To Net: NetName=NetTHERM_2 Pin=THERM-2
Added Net: Name=NetTHERM_2
Added Pin To Net: NetName=VBAT Pin=C8-1
Added Pin To Net: NetName=VBAT Pin=C9-1
Added Pin To Net: NetName=VBAT Pin=L1-P$1
Added Pin To Net: NetName=VBAT Pin=R6-2
Added Pin To Net: NetName=VBAT Pin=R12-1
Added Pin To Net: NetName=VBAT Pin=U1-8
Added Net: Name=VBAT
Added Pin To Net: NetName=VBUS Pin=C10-1
Added Pin To Net: NetName=VBUS Pin=Power1Entrada-1
Added Pin To Net: NetName=VBUS Pin=R19-2
Added Net: Name=VBUS
Added Pin To Net: NetName=VLIPO Pin=B1-2
Added Pin To Net: NetName=VLIPO Pin=C11-1
Added Net: Name=VLIPO
Added Class: Name=Sheet2
Added Member To Class: ClassName=Sheet1 Member=Component SJ3 HWB
Added Room: Name=Sheet1
Added Room: Name=Sheet2
