Removed Pin From Net: NetName=GND Pin=C15-1
Removed Pin From Net: NetName=NetHUB_10 Pin=R1-1
Removed Pin From Net: NetName=NetHUB_11 Pin=R2-1
Removed Pin From Net: NetName=NetL1_2 Pin=TSP-4
Removed Pin From Net: NetName=GND Pin=TSP-6
Removed Pin From Net: NetName=GND Pin=TSP-7
Removed Pin From Net: NetName=Net5V_2 Pin=TSP-15
Removed Pin From Net: NetName=Net5V_2 Pin=TSP-16
Removed Pin From Net: NetName=NetC20_2 Pin=X4-1
Removed Pin From Net: NetName=GND Pin=X4-2
Removed Pin From Net: NetName=NetC14_1 Pin=X4-3
Removed Pin From Net: NetName=GND Pin=X4-4
Added Component: Designator=5V(TERMBLOCK_1X2-3.5MM)
Added Component: Designator=C5(1206)
Added Component: Designator=C27(0805)
Added Component: Designator=C28(0805)
Added Component: Designator=C29(0805)
Added Component: Designator=C30(0805)
Added Component: Designator=C31(0805)
Added Component: Designator=C32(0805)
Added Component: Designator=C33(0805)
Added Component: Designator=C34(0805)
Added Component: Designator=P2(MHDR1X4)
Added Component: Designator=PAM(pam8403 Sop16)
Added Component: Designator=R15(0805)
Added Component: Designator=R23(0805)
Added Component: Designator=USB_1(USBPADS)
Added Component: Designator=USB_2(USBPADS)
Added Component: Designator=USB_3(USBPADS)
Added Component: Designator=USB_4(USBPADS)
Added Component: Designator=USB_RPI(USBPADS)
Added Component: Designator=X5(Res12MHZ-smd)
Added Component: Designator=Z1(DMG-BTN -XY)
Added Pin To Net: NetName=GND Pin=5V-1
Added Pin To Net: NetName=Net5V_2 Pin=5V-2
Added Pin To Net: NetName=NetC5_1 Pin=C5-1
Added Pin To Net: NetName=Net1AMP_2 Pin=C5-2
Added Pin To Net: NetName=GND Pin=C15-2
Added Pin To Net: NetName=Net5V_2 Pin=C27-1
Added Pin To Net: NetName=GND Pin=C27-2
Added Pin To Net: NetName=GND Pin=C28-1
Added Pin To Net: NetName=Net5V_2 Pin=C28-2
Added Pin To Net: NetName=Net5V_2 Pin=C29-1
Added Pin To Net: NetName=GND Pin=C29-2
Added Pin To Net: NetName=GND Pin=C30-1
Added Pin To Net: NetName=Net5V_2 Pin=C30-2
Added Pin To Net: NetName=GND Pin=C31-1
Added Pin To Net: NetName=Net5V_2 Pin=C31-2
Added Pin To Net: NetName=GND Pin=C32-2
Added Pin To Net: NetName=+5V Pin=P2-3
Added Pin To Net: NetName=GND Pin=P2-4
Added Pin To Net: NetName=GND Pin=PAM-2
Added Pin To Net: NetName=Net5V_2 Pin=PAM-4
Added Pin To Net: NetName=Net5V_2 Pin=PAM-5
Added Pin To Net: NetName=Net5V_2 Pin=PAM-6
Added Pin To Net: NetName=GND Pin=PAM-9
Added Pin To Net: NetName=GND Pin=PAM-11
Added Pin To Net: NetName=Net5V_2 Pin=PAM-12
Added Pin To Net: NetName=Net5V_2 Pin=PAM-13
Added Pin To Net: NetName=GND Pin=PAM-15
Added Pin To Net: NetName=NetHUB_15 Pin=R1-1
Added Pin To Net: NetName=NetHUB_16 Pin=R2-1
Added Pin To Net: NetName=NetC5_1 Pin=USB_1-1
Added Pin To Net: NetName=NetHUB_10 Pin=USB_1-2
Added Pin To Net: NetName=NetHUB_11 Pin=USB_1-3
Added Pin To Net: NetName=GND Pin=USB_1-4
Added Pin To Net: NetName=NetC16_1 Pin=USB_2-1
Added Pin To Net: NetName=NetHUB_8 Pin=USB_2-2
Added Pin To Net: NetName=NetHUB_9 Pin=USB_2-3
Added Pin To Net: NetName=GND Pin=USB_2-4
Added Pin To Net: NetName=NetC19_1 Pin=USB_3-1
Added Pin To Net: NetName=NetHUB_6 Pin=USB_3-2
Added Pin To Net: NetName=NetHUB_7 Pin=USB_3-3
Added Pin To Net: NetName=GND Pin=USB_3-4
Added Pin To Net: NetName=NetC24_1 Pin=USB_4-1
Added Pin To Net: NetName=NetHUB_4 Pin=USB_4-2
Added Pin To Net: NetName=NetHUB_5 Pin=USB_4-3
Added Pin To Net: NetName=GND Pin=USB_4-4
Added Pin To Net: NetName=Net1AMP_1 Pin=USB_RPI-1
Added Pin To Net: NetName=NetHUB_15 Pin=USB_RPI-2
Added Pin To Net: NetName=NetHUB_16 Pin=USB_RPI-3
Added Pin To Net: NetName=GND Pin=USB_RPI-4
Added Pin To Net: NetName=NetC20_2 Pin=X5-1
Added Pin To Net: NetName=GND Pin=X5-2
Added Pin To Net: NetName=NetC14_1 Pin=X5-3
Added Pin To Net: NetName=GND Pin=X5-4
Added Pin To Net: NetName=GND Pin=Z1-1
Change Net Name : Old Net Name=NetBD_3 New Net Name=NetR12_2
Change Net Name : Old Net Name=NetTHERM_2 New Net Name=NetTHR_2
Added Pin To Net: NetName=INL Pin=C33-1
Added Net: Name=INL
Added Pin To Net: NetName=INR Pin=C34-1
Added Net: Name=INR
Added Pin To Net: NetName=NetC32_1 Pin=C32-1
Added Pin To Net: NetName=NetC32_1 Pin=PAM-8
Added Net: Name=NetC32_1
Added Pin To Net: NetName=NetC33_2 Pin=C33-2
Added Pin To Net: NetName=NetC33_2 Pin=R15-1
Added Net: Name=NetC33_2
Added Pin To Net: NetName=NetC34_2 Pin=C34-2
Added Pin To Net: NetName=NetC34_2 Pin=R23-1
Added Net: Name=NetC34_2
Added Pin To Net: NetName=NetPAM_7 Pin=PAM-7
Added Pin To Net: NetName=NetPAM_7 Pin=R15-2
Added Net: Name=NetPAM_7
Added Pin To Net: NetName=NetPAM_10 Pin=PAM-10
Added Pin To Net: NetName=NetPAM_10 Pin=R23-2
Added Net: Name=NetPAM_10
Added Pin To Net: NetName=OUTL+ Pin=PAM-1
Added Net: Name=OUTL+
Added Pin To Net: NetName=OUTL- Pin=PAM-3
Added Net: Name=OUTL-
Added Pin To Net: NetName=OUTR+ Pin=PAM-16
Added Net: Name=OUTR+
Added Pin To Net: NetName=OUTR- Pin=PAM-14
Added Net: Name=OUTR-
Added Class: Name=Audio_Actual
Added Member To Class: ClassName=PowerBoost_kel Member=Component 5V TERMBLOCK_1X2
Added Member To Class: ClassName=Sheet2 Member=Component C5 Cap
Added Member To Class: ClassName=Sheet1 Member=Component P2 Joyistick
Added Member To Class: ClassName=Sheet2 Member=Component USB_1 USB_4pin
Added Member To Class: ClassName=Sheet2 Member=Component USB_2 USB_4pin
Added Member To Class: ClassName=Sheet2 Member=Component USB_3 USB_4pin
Added Member To Class: ClassName=Sheet2 Member=Component USB_4 USB_4pin
Added Member To Class: ClassName=Sheet2 Member=Component USB_RPI USB_4pin
Added Member To Class: ClassName=Sheet1 Member=Component X4 SMD-CRYSTAL-16MHZ-9PF-Resonador
Added Member To Class: ClassName=Sheet2 Member=Component X5 SMD-CRYSTAL-16MHZ-9PF-Resonador
Added Member To Class: ClassName=Sheet1 Member=Component Z1 SW-PB
Added Room: Name=Audio_Actual
Added Room: Name=PowerBoost_kel
Added Room: Name=Sheet1
Added Room: Name=Sheet2
