Added Component: Designator=IC1(TQFP44)
Added Pin To Net: NetName=GND Pin=A-1
Added Pin To Net: NetName=GND Pin=B-1
Added Pin To Net: NetName=GND Pin=DOWN-1
Added Pin To Net: NetName=GND Pin=IC1-5
Added Pin To Net: NetName=GND Pin=IC1-15
Added Pin To Net: NetName=GND Pin=IC1-23
Added Pin To Net: NetName=GND Pin=IC1-35
Added Pin To Net: NetName=GND Pin=IC1-43
Added Pin To Net: NetName=GND Pin=LEFT-1
Added Pin To Net: NetName=GND Pin=RIGHT-1
Added Pin To Net: NetName=GND Pin=UP-1
Added Pin To Net: NetName=+3V3 Pin=IC1-6
Added Net: Name=+3V3
Added Pin To Net: NetName=+5V Pin=IC1-2
Added Pin To Net: NetName=+5V Pin=IC1-7
Added Net: Name=+5V
Added Pin To Net: NetName=HWB Pin=IC1-33
Added Net: Name=HWB
Added Pin To Net: NetName=MISO Pin=IC1-11
Added Net: Name=MISO
Added Pin To Net: NetName=MOSI Pin=IC1-10
Added Net: Name=MOSI
Added Pin To Net: NetName=NetC2_1 Pin=IC1-17
Added Net: Name=NetC2_1
Added Pin To Net: NetName=NetC3_1 Pin=IC1-16
Added Net: Name=NetC3_1
Added Net: Name=NetCN1_D+
Added Net: Name=NetCN1_D-
Added Pin To Net: NetName=NetIC1_3 Pin=IC1-3
Added Net: Name=NetIC1_3
Added Pin To Net: NetName=NetIC1_4 Pin=IC1-4
Added Net: Name=NetIC1_4
Added Pin To Net: NetName=NetIC1_8 Pin=IC1-8
Added Net: Name=NetIC1_8
Added Pin To Net: NetName=NetIC1_12 Pin=IC1-12
Added Net: Name=NetIC1_12
Added Pin To Net: NetName=NetIC1_18 Pin=IC1-18
Added Net: Name=NetIC1_18
Added Pin To Net: NetName=NetIC1_19 Pin=IC1-19
Added Net: Name=NetIC1_19
Added Pin To Net: NetName=NetIC1_20 Pin=IC1-20
Added Net: Name=NetIC1_20
Added Pin To Net: NetName=NetIC1_21 Pin=IC1-21
Added Net: Name=NetIC1_21
Added Pin To Net: NetName=NetIC1_22 Pin=IC1-22
Added Net: Name=NetIC1_22
Added Pin To Net: NetName=NetIC1_25 Pin=IC1-25
Added Net: Name=NetIC1_25
Added Pin To Net: NetName=NetIC1_26 Pin=IC1-26
Added Net: Name=NetIC1_26
Added Pin To Net: NetName=NetIC1_27 Pin=IC1-27
Added Net: Name=NetIC1_27
Added Pin To Net: NetName=NetIC1_28 Pin=IC1-28
Added Net: Name=NetIC1_28
Added Pin To Net: NetName=NetIC1_29 Pin=IC1-29
Added Net: Name=NetIC1_29
Added Pin To Net: NetName=NetIC1_30 Pin=IC1-30
Added Net: Name=NetIC1_30
Added Pin To Net: NetName=NetIC1_31 Pin=IC1-31
Added Net: Name=NetIC1_31
Added Pin To Net: NetName=NetIC1_32 Pin=IC1-32
Added Net: Name=NetIC1_32
Added Pin To Net: NetName=NetIC1_36 Pin=IC1-36
Added Net: Name=NetIC1_36
Added Pin To Net: NetName=NetIC1_37 Pin=IC1-37
Added Net: Name=NetIC1_37
Added Pin To Net: NetName=NetIC1_38 Pin=IC1-38
Added Net: Name=NetIC1_38
Added Pin To Net: NetName=NetIC1_40 Pin=IC1-40
Added Net: Name=NetIC1_40
Added Pin To Net: NetName=NetIC1_41 Pin=IC1-41
Added Net: Name=NetIC1_41
Added Net: Name=NetL_C
Added Net: Name=NetPWR_A
Added Pin To Net: NetName=PE6 Pin=IC1-1
Added Net: Name=PE6
Added Pin To Net: NetName=PF4 Pin=IC1-39
Added Net: Name=PF4
Added Pin To Net: NetName=RST Pin=IC1-13
Added Net: Name=RST
Added Pin To Net: NetName=SCK Pin=IC1-9
Added Net: Name=SCK
Added Net: Name=VBUS
Added Pin To Net: NetName=VCC Pin=IC1-14
Added Pin To Net: NetName=VCC Pin=IC1-24
Added Pin To Net: NetName=VCC Pin=IC1-34
Added Pin To Net: NetName=VCC Pin=IC1-44
Added Net: Name=VCC
Added Member To Class: ClassName=Sheet1 Member=Component IC1 ATMEGA32U4-AU
Added Room: Name=Sheet1
