Added Component: Designator=C2(0402)
Added Component: Designator=C3(0402)
Added Component: Designator=SJ1(JUMPER)
Added Component: Designator=SJ2(JUMPER)
Added Pin To Net: NetName=NetC2_1 Pin=C2-1
Added Pin To Net: NetName=GND Pin=C2-2
Added Pin To Net: NetName=NetC3_1 Pin=C3-1
Added Pin To Net: NetName=GND Pin=C3-2
Added Pin To Net: NetName=GND Pin=SJ1-2
Added Pin To Net: NetName=VCC Pin=SJ2-1
Added Pin To Net: NetName=+5V Pin=SJ2-2
Added Pin To Net: NetName=NetIC1_33 Pin=IC1-33
Added Pin To Net: NetName=NetIC1_33 Pin=R4-1
Added Pin To Net: NetName=NetIC1_33 Pin=SJ1-1
Added Net: Name=NetIC1_33
Added Member To Class: ClassName=Sheet1 Member=Component C2 18pF
Added Member To Class: ClassName=Sheet1 Member=Component C3 18pF
Added Member To Class: ClassName=Sheet1 Member=Component SJ1 HWB
Added Member To Class: ClassName=Sheet1 Member=Component SJ2 VCC
Added Room: Name=Sheet1
