Added Component: Designator=R1(RES-1206in)
Added Component: Designator=R2(RES-1206in)
Added Component: Designator=R3(RES-1206in)
Added Component: Designator=R4(RES-1206in)
Added Component: Designator=R5(RES-1206in)
Added Pin To Net: NetName=NetCN1_D- Pin=R1-1
Added Pin To Net: NetName=NetIC1_3 Pin=R1-2
Added Pin To Net: NetName=NetCN1_D+ Pin=R2-1
Added Pin To Net: NetName=NetIC1_4 Pin=R2-2
Added Pin To Net: NetName=NetPWR_A Pin=R3-1
Added Pin To Net: NetName=+5V Pin=R3-2
Added Pin To Net: NetName=HWB Pin=R4-1
Added Pin To Net: NetName=VCC Pin=R4-2
Added Pin To Net: NetName=NetL_C Pin=R5-1
Added Pin To Net: NetName=GND Pin=R5-2
Added Pin To Net: NetName=NetIC1_1 Pin=IC1-1
Added Net: Name=NetIC1_1
Added Member To Class: ClassName=Sheet1 Member=Component R1 22
Added Member To Class: ClassName=Sheet1 Member=Component R2 22
Added Member To Class: ClassName=Sheet1 Member=Component R3 1K
Added Member To Class: ClassName=Sheet1 Member=Component R4 10K
Added Member To Class: ClassName=Sheet1 Member=Component R5 1K
Added Room: Name=Sheet1
